<?xml version="1.0" encoding="UTF-8"?>
<!-- Generated by org.testng.reporters.JUnitXMLReporter -->
<testsuite ignored="0" hostname="IN-DQKC043" failures="0" tests="3" name="Default test" time="42.068" errors="0" timestamp="18 Nov 2024 11:26:03 GMT">
  <testcase classname="btipackage.SortScoresTest_Grouped" name="Testlogin" time="5.76"/>
  <testcase classname="btipackage.SortScoresTest_Grouped" name="switchProgram" time="15.523"/>
  <testcase classname="btipackage.SortScoresTest_Grouped" name="SelectTeam" time="5.262"/>
</testsuite> <!-- Default test -->
