<?xml version="1.0" encoding="UTF-8"?>
<testng-results ignored="0" total="3" passed="3" failed="0" skipped="0">
  <reporter-output>
  </reporter-output>
  <suite started-at="2024-11-18T11:25:21Z" name="Default suite" finished-at="2024-11-18T11:26:03Z" duration-ms="42068">
    <groups>
    </groups>
    <test started-at="2024-11-18T11:25:21Z" name="Default test" finished-at="2024-11-18T11:26:03Z" duration-ms="42068">
      <class name="btipackage.SortScoresTest_Grouped">
        <test-method is-config="true" signature="launchApplication()[pri:0, instance:btipackage.SortScoresTest_Grouped@1339e7aa]" started-at="2024-11-18T16:55:21Z" name="launchApplication" finished-at="2024-11-18T16:55:36Z" duration-ms="15502" status="PASS">
          <reporter-output>
          </reporter-output>
        </test-method> <!-- launchApplication -->
        <test-method signature="Testlogin()[pri:0, instance:btipackage.SortScoresTest_Grouped@1339e7aa]" started-at="2024-11-18T16:55:36Z" name="Testlogin" finished-at="2024-11-18T16:55:42Z" duration-ms="5760" status="PASS">
          <reporter-output>
          </reporter-output>
        </test-method> <!-- Testlogin -->
        <test-method signature="switchProgram()[pri:1, instance:btipackage.SortScoresTest_Grouped@1339e7aa]" started-at="2024-11-18T16:55:42Z" name="switchProgram" finished-at="2024-11-18T16:55:58Z" duration-ms="15523" status="PASS">
          <reporter-output>
          </reporter-output>
        </test-method> <!-- switchProgram -->
        <test-method signature="SelectTeam()[pri:2, instance:btipackage.SortScoresTest_Grouped@1339e7aa]" started-at="2024-11-18T16:55:58Z" name="SelectTeam" finished-at="2024-11-18T16:56:03Z" duration-ms="5262" status="PASS">
          <reporter-output>
          </reporter-output>
        </test-method> <!-- SelectTeam -->
      </class> <!-- btipackage.SortScoresTest_Grouped -->
    </test> <!-- Default test -->
  </suite> <!-- Default suite -->
</testng-results>
